<?xml version="1.0" encoding="UTF-8"?>
<!-- Generated by org.testng.reporters.JUnitReportReporter -->
<testsuite hostname="SAITAMMA-WS" name="jenkins.NewTest" tests="3" failures="0" timestamp="26 Aug 2015 13:46:35 GMT" time="23.660" errors="0">
  <testcase name="sampletest1" time="5.242" classname="jenkins.NewTest"/>
  <testcase name="sampletest2" time="12.261" classname="jenkins.NewTest"/>
  <testcase name="sampletest" time="6.157" classname="jenkins.NewTest"/>
</testsuite> <!-- jenkins.NewTest -->
